[0527/173215:ERROR:process_info.cc(103)] ReadProcessMemory bool __cdecl crashpad::`anonymous-namespace'::ReadStruct<struct crashpad::process_types::LDR_DATA_TABLE_ENTRY<struct crashpad::process_types::internal::Traits32>>(void *,unsigned __int64,struct crashpad::process_types::LDR_DATA_TABLE_ENTRY<struct crashpad::process_types::internal::Traits32> *): Seule une partie d’une requête ReadProcessMemory ou WriteProcessMemory a été effectuée. (0x12B)
[0527/173215:ERROR:process_info.cc(330)] VirtualQueryEx: Accès refusé. (0x5)
[0527/173215:ERROR:process_info.cc(547)] ReadMemoryInfo failed
[0527/173215:ERROR:process_info.cc(608)] range at 0x69f000, size 0x230 fully unreadable
[0527/173215:ERROR:process_reader_win.cc(232)] ReadMemory at 0x69f000 of 560 bytes failed: Seule une partie d’une requête ReadProcessMemory ou WriteProcessMemory a été effectuée. (0x12B)
[0527/173216:ERROR:process_snapshot_win.cc(342)] ReadMemory PEB
[0527/173216:ERROR:process_reader_win.cc(232)] ReadMemory at 0x350000 of 64 bytes failed: Seule une partie d’une requête ReadProcessMemory ou WriteProcessMemory a été effectuée. (0x12B)
[0527/173216:WARNING:pe_image_reader.cc(280)] could not read dos header from C:\Program Files (x86)\Google\Chrome\Application\chrome.exe
[0527/173216:ERROR:process_reader_win.cc(232)] ReadMemory at 0x777a0000 of 64 bytes failed: Seule une partie d’une requête ReadProcessMemory ou WriteProcessMemory a été effectuée. (0x12B)
[0527/173216:WARNING:pe_image_reader.cc(280)] could not read dos header from C:\WINDOWS\SYSTEM32\ntdll.dll
[0527/173216:ERROR:process_reader_win.cc(232)] ReadMemory at 0x751d0000 of 64 bytes failed: Seule une partie d’une requête ReadProcessMemory ou WriteProcessMemory a été effectuée. (0x12B)
[0527/173216:WARNING:pe_image_reader.cc(280)] could not read dos header from C:\WINDOWS\SYSTEM32\KERNELBASE.dll
[0527/173216:ERROR:process_reader_win.cc(232)] ReadMemory at 0x75540000 of 64 bytes failed: Seule une partie d’une requête ReadProcessMemory ou WriteProcessMemory a été effectuée. (0x12B)
[0527/173216:WARNING:pe_image_reader.cc(280)] could not read dos header from C:\WINDOWS\SYSTEM32\KERNEL32.dll
[0527/173216:ERROR:process_reader_win.cc(232)] ReadMemory at 0x73530000 of 64 bytes failed: Seule une partie d’une requête ReadProcessMemory ou WriteProcessMemory a été effectuée. (0x12B)
[0527/173216:WARNING:pe_image_reader.cc(280)] could not read dos header from C:\WINDOWS\system32\apphelp.dll
[0527/173216:ERROR:process_reader_win.cc(232)] ReadMemory at 0x778aab80 of 5888 bytes failed: Seule une partie d’une requête ReadProcessMemory ou WriteProcessMemory a été effectuée. (0x12B)
[0527/173216:ERROR:process_reader_win.cc(232)] ReadMemory at 0x350000 of 64 bytes failed: Seule une partie d’une requête ReadProcessMemory ou WriteProcessMemory a été effectuée. (0x12B)
[0527/173216:WARNING:pe_image_reader.cc(280)] could not read dos header from C:\Program Files (x86)\Google\Chrome\Application\chrome.exe
[0527/173216:ERROR:process_reader_win.cc(232)] ReadMemory at 0x777a0000 of 64 bytes failed: Seule une partie d’une requête ReadProcessMemory ou WriteProcessMemory a été effectuée. (0x12B)
[0527/173216:WARNING:pe_image_reader.cc(280)] could not read dos header from C:\WINDOWS\SYSTEM32\ntdll.dll
[0527/173216:ERROR:process_reader_win.cc(232)] ReadMemory at 0x751d0000 of 64 bytes failed: Seule une partie d’une requête ReadProcessMemory ou WriteProcessMemory a été effectuée. (0x12B)
[0527/173216:WARNING:pe_image_reader.cc(280)] could not read dos header from C:\WINDOWS\SYSTEM32\KERNELBASE.dll
[0527/173216:ERROR:process_reader_win.cc(232)] ReadMemory at 0x75540000 of 64 bytes failed: Seule une partie d’une requête ReadProcessMemory ou WriteProcessMemory a été effectuée. (0x12B)
[0527/173216:WARNING:pe_image_reader.cc(280)] could not read dos header from C:\WINDOWS\SYSTEM32\KERNEL32.dll
[0527/173216:ERROR:process_reader_win.cc(232)] ReadMemory at 0x73530000 of 64 bytes failed: Seule une partie d’une requête ReadProcessMemory ou WriteProcessMemory a été effectuée. (0x12B)
[0527/173216:WARNING:pe_image_reader.cc(280)] could not read dos header from C:\WINDOWS\system32\apphelp.dll
[0527/173216:ERROR:process_reader_win.cc(98)] process 13524 not found
[0527/173216:ERROR:process_reader_win.cc(232)] ReadMemory at 0x3fd1b4 of 12 bytes failed: Seule une partie d’une requête ReadProcessMemory ou WriteProcessMemory a été effectuée. (0x12B)
[0527/173216:WARNING:process_snapshot_win.cc(96)] ReadMemory ExceptionInformation failed
[0527/173216:WARNING:crash_report_exception_handler.cc(60)] ProcessSnapshotWin::InitializeException failed
[0527/173216:ERROR:scoped_process_suspend.cc(38)] NtResumeProcess, ntstatus=-1073741558
